<?xml version="1.0" encoding="UTF-8"?>
<!-- Generated by org.testng.reporters.JUnitReportReporter -->
<testsuite skipped="0" hostname="MAVENTUS6" name="com.bseindia.LoginPage.bseindiapoc" tests="1" failures="0" timestamp="21 Jun 2019 12:58:59 GMT" time="61.125" errors="0">
  <testcase name="bseindiaoperations" time="61.125" classname="com.bseindia.LoginPage.bseindiapoc"/>
</testsuite> <!-- com.bseindia.LoginPage.bseindiapoc -->
